<?xml version="1.0" encoding="UTF-8"?>
<!-- Generated by org.testng.reporters.JUnitXMLReporter -->
<testsuite hostname="user-PC" ignored="12" name="SBI test" tests="2" failures="0" timestamp="16 Feb 2019 07:12:46 GMT" time="0.028" errors="0">
  <testcase name="loan1SBI" time="0.005" classname="SBI.LoanSBI"/>
  <testcase name="allocation1SBI" time="0.002" classname="SBI.AllocationSBI"/>
  <testcase name="@AfterTest closeBrowser" time="0.0" classname="Base.BaseSBITest">
    <ignored/>
  </testcase> <!-- @AfterTest closeBrowser -->
  <testcase name="@AfterTest closeBrowser" time="0.0" classname="Base.BaseSBITest">
    <ignored/>
  </testcase> <!-- @AfterTest closeBrowser -->
  <testcase name="@AfterSuite closeAllConnection" time="0.0" classname="Base.BaseSuite">
    <ignored/>
  </testcase> <!-- @AfterSuite closeAllConnection -->
  <testcase name="@AfterSuite closeAllConnection" time="0.0" classname="Base.BaseSuite">
    <ignored/>
  </testcase> <!-- @AfterSuite closeAllConnection -->
  <testcase name="allocation2SBI" time="0.0" classname="SBI.AllocationSBI">
    <ignored/>
  </testcase> <!-- allocation2SBI -->
  <testcase name="wd1SBI" time="0.0" classname="SBI.WDSBI">
    <ignored/>
  </testcase> <!-- wd1SBI -->
  <testcase name="wd2SBI" time="0.0" classname="SBI.WDSBI">
    <ignored/>
  </testcase> <!-- wd2SBI -->
  <testcase name="loan2SBI" time="0.0" classname="SBI.LoanSBI">
    <ignored/>
  </testcase> <!-- loan2SBI -->
  <testcase name="@BeforeSuite createWebDriver" time="0.0" classname="Base.BaseSuite">
    <ignored/>
  </testcase> <!-- @BeforeSuite createWebDriver -->
  <testcase name="@BeforeSuite createWebDriver" time="0.0" classname="Base.BaseSuite">
    <ignored/>
  </testcase> <!-- @BeforeSuite createWebDriver -->
  <testcase name="@BeforeTest navigatetoSBI" time="0.0" classname="Base.BaseSBITest">
    <ignored/>
  </testcase> <!-- @BeforeTest navigatetoSBI -->
  <testcase name="@BeforeTest navigatetoSBI" time="0.0" classname="Base.BaseSBITest">
    <ignored/>
  </testcase> <!-- @BeforeTest navigatetoSBI -->
</testsuite> <!-- SBI test -->
