<?xml version="1.0" encoding="UTF-8"?>
<!-- Generated by org.testng.reporters.JUnitXMLReporter -->
<testsuite hostname="user-PC" ignored="12" name="Yes Bank test" tests="2" failures="0" timestamp="16 Feb 2019 07:12:46 GMT" time="0.007" errors="0">
  <testcase name="wd2YesBank" time="0.001" classname="YesBank.WDYesBank"/>
  <testcase name="allocation2YesBank" time="0.001" classname="YesBank.AllocationYesBank"/>
  <testcase name="allocation1YesBank" time="0.0" classname="YesBank.AllocationYesBank">
    <ignored/>
  </testcase> <!-- allocation1YesBank -->
  <testcase name="@AfterSuite closeAllConnection" time="0.0" classname="Base.BaseSuite">
    <ignored/>
  </testcase> <!-- @AfterSuite closeAllConnection -->
  <testcase name="@AfterSuite closeAllConnection" time="0.0" classname="Base.BaseSuite">
    <ignored/>
  </testcase> <!-- @AfterSuite closeAllConnection -->
  <testcase name="wd1YesBank" time="0.0" classname="YesBank.WDYesBank">
    <ignored/>
  </testcase> <!-- wd1YesBank -->
  <testcase name="@AfterTest closeBrowser" time="0.0" classname="Base.BaseYesBank">
    <ignored/>
  </testcase> <!-- @AfterTest closeBrowser -->
  <testcase name="@AfterTest closeBrowser" time="0.0" classname="Base.BaseYesBank">
    <ignored/>
  </testcase> <!-- @AfterTest closeBrowser -->
  <testcase name="@BeforeTest navigatetoYesBank" time="0.0" classname="Base.BaseYesBank">
    <ignored/>
  </testcase> <!-- @BeforeTest navigatetoYesBank -->
  <testcase name="@BeforeTest navigatetoYesBank" time="0.0" classname="Base.BaseYesBank">
    <ignored/>
  </testcase> <!-- @BeforeTest navigatetoYesBank -->
  <testcase name="loan2YesBank" time="0.0" classname="YesBank.LoanYesBank">
    <ignored/>
  </testcase> <!-- loan2YesBank -->
  <testcase name="loan1YesBank" time="0.0" classname="YesBank.LoanYesBank">
    <ignored/>
  </testcase> <!-- loan1YesBank -->
  <testcase name="@BeforeSuite createWebDriver" time="0.0" classname="Base.BaseSuite">
    <ignored/>
  </testcase> <!-- @BeforeSuite createWebDriver -->
  <testcase name="@BeforeSuite createWebDriver" time="0.0" classname="Base.BaseSuite">
    <ignored/>
  </testcase> <!-- @BeforeSuite createWebDriver -->
</testsuite> <!-- Yes Bank test -->
