<?xml version="1.0" encoding="UTF-8"?>
<!-- Generated by org.testng.reporters.JUnitXMLReporter -->
<testsuite hostname="user-PC" ignored="8" name="Yes Bank test" tests="6" failures="0" timestamp="16 Feb 2019 07:22:46 GMT" time="0.033" errors="0">
  <testcase name="wd1YesBank" time="0.002" classname="YesBank.WDYesBank"/>
  <testcase name="wd2YesBank" time="0.001" classname="YesBank.WDYesBank"/>
  <testcase name="loan1YesBank" time="0.001" classname="YesBank.LoanYesBank"/>
  <testcase name="loan2YesBank" time="0.001" classname="YesBank.LoanYesBank"/>
  <testcase name="allocation1YesBank" time="0.001" classname="YesBank.AllocationYesBank"/>
  <testcase name="allocation2YesBank" time="0.014" classname="YesBank.AllocationYesBank"/>
  <testcase name="@AfterSuite closeAllConnection" time="0.0" classname="Base.BaseSuite">
    <ignored/>
  </testcase> <!-- @AfterSuite closeAllConnection -->
  <testcase name="@AfterSuite closeAllConnection" time="0.0" classname="Base.BaseSuite">
    <ignored/>
  </testcase> <!-- @AfterSuite closeAllConnection -->
  <testcase name="@AfterTest closeBrowser" time="0.0" classname="Base.BaseYesBank">
    <ignored/>
  </testcase> <!-- @AfterTest closeBrowser -->
  <testcase name="@AfterTest closeBrowser" time="0.0" classname="Base.BaseYesBank">
    <ignored/>
  </testcase> <!-- @AfterTest closeBrowser -->
  <testcase name="@BeforeTest navigatetoYesBank" time="0.0" classname="Base.BaseYesBank">
    <ignored/>
  </testcase> <!-- @BeforeTest navigatetoYesBank -->
  <testcase name="@BeforeTest navigatetoYesBank" time="0.0" classname="Base.BaseYesBank">
    <ignored/>
  </testcase> <!-- @BeforeTest navigatetoYesBank -->
  <testcase name="@BeforeSuite createWebDriver" time="0.0" classname="Base.BaseSuite">
    <ignored/>
  </testcase> <!-- @BeforeSuite createWebDriver -->
  <testcase name="@BeforeSuite createWebDriver" time="0.0" classname="Base.BaseSuite">
    <ignored/>
  </testcase> <!-- @BeforeSuite createWebDriver -->
</testsuite> <!-- Yes Bank test -->
