<?xml version="1.0" encoding="UTF-8"?>
<testng-results skipped="0" failed="1" ignored="17" total="25" passed="7">
  <reporter-output>
  </reporter-output>
  <suite name="Automation suite" duration-ms="105" started-at="2019-02-16T07:22:46Z" finished-at="2019-02-16T07:22:46Z">
    <groups>
      <group name="smokeTest">
        <method signature="AllocationSBI.allocation1SBI()[pri:0, instance:SBI.AllocationSBI@20e2cbe0]" name="allocation1SBI" class="SBI.AllocationSBI"/>
        <method signature="LoanSBI.loan1SBI()[pri:0, instance:SBI.LoanSBI@7c16905e]" name="loan1SBI" class="SBI.LoanSBI"/>
        <method signature="AllocationYesBank.allocation2YesBank()[pri:0, instance:YesBank.AllocationYesBank@47c62251]" name="allocation2YesBank" class="YesBank.AllocationYesBank"/>
        <method signature="WDYesBank.wd2YesBank()[pri:0, instance:YesBank.WDYesBank@27efef64]" name="wd2YesBank" class="YesBank.WDYesBank"/>
      </group> <!-- smokeTest -->
    </groups>
    <test name="SBI test" duration-ms="32" started-at="2019-02-16T07:22:46Z" finished-at="2019-02-16T07:22:46Z">
      <class name="SBI.WDSBI">
        <test-method status="PASS" signature="navigatetoSBI()[pri:0, instance:SBI.WDSBI@4f933fd1]" name="navigatetoSBI" is-config="true" duration-ms="1" started-at="2019-02-16T07:22:46Z" finished-at="2019-02-16T07:22:46Z">
          <reporter-output>
          </reporter-output>
        </test-method> <!-- navigatetoSBI -->
        <test-method status="PASS" signature="closeBrowser()[pri:0, instance:SBI.WDSBI@4f933fd1]" name="closeBrowser" is-config="true" duration-ms="0" started-at="2019-02-16T07:22:46Z" finished-at="2019-02-16T07:22:46Z">
          <reporter-output>
          </reporter-output>
        </test-method> <!-- closeBrowser -->
      </class> <!-- SBI.WDSBI -->
      <class name="SBI.LoanSBI">
        <test-method status="PASS" signature="loginSBI()[pri:0, instance:SBI.LoanSBI@7c16905e]" name="loginSBI" is-config="true" duration-ms="0" started-at="2019-02-16T07:22:46Z" finished-at="2019-02-16T07:22:46Z">
          <reporter-output>
          </reporter-output>
        </test-method> <!-- loginSBI -->
        <test-method status="PASS" signature="clickLoanLink()[pri:0, instance:SBI.LoanSBI@7c16905e]" name="clickLoanLink" is-config="true" duration-ms="0" started-at="2019-02-16T07:22:46Z" finished-at="2019-02-16T07:22:46Z">
          <reporter-output>
          </reporter-output>
        </test-method> <!-- clickLoanLink -->
        <test-method status="FAIL" signature="loan1SBI()[pri:0, instance:SBI.LoanSBI@7c16905e]" name="loan1SBI" duration-ms="7" started-at="2019-02-16T07:22:46Z" finished-at="2019-02-16T07:22:46Z">
          <exception class="java.lang.AssertionError">
            <message>
              <![CDATA[Loan process is not completed expected [true] but found [false]]]>
            </message>
            <full-stacktrace>
              <![CDATA[java.lang.AssertionError: Loan process is not completed expected [true] but found [false]
at org.testng.Assert.fail(Assert.java:96)
at org.testng.Assert.failNotEquals(Assert.java:776)
at org.testng.Assert.assertTrue(Assert.java:44)
at SBI.LoanSBI.loan1SBI(LoanSBI.java:37)
at sun.reflect.NativeMethodAccessorImpl.invoke0(Native Method)
at sun.reflect.NativeMethodAccessorImpl.invoke(Unknown Source)
at sun.reflect.DelegatingMethodAccessorImpl.invoke(Unknown Source)
at java.lang.reflect.Method.invoke(Unknown Source)
at org.testng.internal.MethodInvocationHelper.invokeMethod(MethodInvocationHelper.java:124)
at org.testng.internal.Invoker.invokeMethod(Invoker.java:580)
at org.testng.internal.Invoker.invokeTestMethod(Invoker.java:716)
at org.testng.internal.Invoker.invokeTestMethods(Invoker.java:988)
at org.testng.internal.TestMethodWorker.invokeTestMethods(TestMethodWorker.java:125)
at org.testng.internal.TestMethodWorker.run(TestMethodWorker.java:109)
at org.testng.TestRunner.privateRun(TestRunner.java:648)
at org.testng.TestRunner.run(TestRunner.java:505)
at org.testng.SuiteRunner.runTest(SuiteRunner.java:455)
at org.testng.SuiteRunner.runSequentially(SuiteRunner.java:450)
at org.testng.SuiteRunner.privateRun(SuiteRunner.java:415)
at org.testng.SuiteRunner.run(SuiteRunner.java:364)
at org.testng.SuiteRunnerWorker.runSuite(SuiteRunnerWorker.java:52)
at org.testng.SuiteRunnerWorker.run(SuiteRunnerWorker.java:84)
at org.testng.TestNG.runSuitesSequentially(TestNG.java:1208)
at org.testng.TestNG.runSuitesLocally(TestNG.java:1137)
at org.testng.TestNG.runSuites(TestNG.java:1049)
at org.testng.TestNG.run(TestNG.java:1017)
at org.testng.remote.AbstractRemoteTestNG.run(AbstractRemoteTestNG.java:114)
at org.testng.remote.RemoteTestNG.initAndRun(RemoteTestNG.java:251)
at org.testng.remote.RemoteTestNG.main(RemoteTestNG.java:77)
]]>
            </full-stacktrace>
          </exception> <!-- java.lang.AssertionError -->
          <reporter-output>
          </reporter-output>
        </test-method> <!-- loan1SBI -->
        <test-method status="PASS" signature="clickBack()[pri:0, instance:SBI.LoanSBI@7c16905e]" name="clickBack" is-config="true" duration-ms="0" started-at="2019-02-16T07:22:46Z" finished-at="2019-02-16T07:22:46Z">
          <reporter-output>
          </reporter-output>
        </test-method> <!-- clickBack -->
      </class> <!-- SBI.LoanSBI -->
      <class name="SBI.AllocationSBI">
        <test-method status="PASS" signature="loginSBI()[pri:0, instance:SBI.AllocationSBI@20e2cbe0]" name="loginSBI" is-config="true" duration-ms="1" started-at="2019-02-16T07:22:46Z" finished-at="2019-02-16T07:22:46Z">
          <reporter-output>
          </reporter-output>
        </test-method> <!-- loginSBI -->
        <test-method status="PASS" signature="clickAllocationLink()[pri:0, instance:SBI.AllocationSBI@20e2cbe0]" name="clickAllocationLink" is-config="true" duration-ms="0" started-at="2019-02-16T07:22:46Z" finished-at="2019-02-16T07:22:46Z">
          <reporter-output>
          </reporter-output>
        </test-method> <!-- clickAllocationLink -->
        <test-method status="PASS" signature="allocation1SBI()[pri:0, instance:SBI.AllocationSBI@20e2cbe0]" name="allocation1SBI" duration-ms="1" started-at="2019-02-16T07:22:46Z" finished-at="2019-02-16T07:22:46Z">
          <reporter-output>
          </reporter-output>
        </test-method> <!-- allocation1SBI -->
        <test-method status="PASS" signature="clickBack()[pri:0, instance:SBI.AllocationSBI@20e2cbe0]" name="clickBack" is-config="true" duration-ms="0" started-at="2019-02-16T07:22:46Z" finished-at="2019-02-16T07:22:46Z">
          <reporter-output>
          </reporter-output>
        </test-method> <!-- clickBack -->
        <test-method status="PASS" signature="logoutSBI()[pri:0, instance:SBI.AllocationSBI@20e2cbe0]" name="logoutSBI" is-config="true" duration-ms="0" started-at="2019-02-16T07:22:46Z" finished-at="2019-02-16T07:22:46Z">
          <reporter-output>
          </reporter-output>
        </test-method> <!-- logoutSBI -->
      </class> <!-- SBI.AllocationSBI -->
    </test> <!-- SBI test -->
    <test name="Yes Bank test" duration-ms="33" started-at="2019-02-16T07:22:46Z" finished-at="2019-02-16T07:22:46Z">
      <class name="YesBank.LoanYesBank">
        <test-method status="PASS" signature="clickLoanLink()[pri:0, instance:YesBank.LoanYesBank@6f7fd0e6]" name="clickLoanLink" is-config="true" duration-ms="0" started-at="2019-02-16T07:22:46Z" finished-at="2019-02-16T07:22:46Z">
          <reporter-output>
          </reporter-output>
        </test-method> <!-- clickLoanLink -->
        <test-method status="PASS" signature="loan1YesBank()[pri:0, instance:YesBank.LoanYesBank@6f7fd0e6]" name="loan1YesBank" duration-ms="1" started-at="2019-02-16T07:22:46Z" finished-at="2019-02-16T07:22:46Z">
          <reporter-output>
          </reporter-output>
        </test-method> <!-- loan1YesBank -->
        <test-method status="PASS" signature="loginYesBank()[pri:0, instance:YesBank.LoanYesBank@6f7fd0e6]" name="loginYesBank" is-config="true" duration-ms="0" started-at="2019-02-16T07:22:46Z" finished-at="2019-02-16T07:22:46Z">
          <reporter-output>
          </reporter-output>
        </test-method> <!-- loginYesBank -->
        <test-method status="PASS" signature="clickBack()[pri:0, instance:YesBank.LoanYesBank@6f7fd0e6]" name="clickBack" is-config="true" duration-ms="0" started-at="2019-02-16T07:22:46Z" finished-at="2019-02-16T07:22:46Z">
          <reporter-output>
          </reporter-output>
        </test-method> <!-- clickBack -->
        <test-method status="PASS" signature="loan2YesBank()[pri:0, instance:YesBank.LoanYesBank@6f7fd0e6]" name="loan2YesBank" duration-ms="1" started-at="2019-02-16T07:22:46Z" finished-at="2019-02-16T07:22:46Z">
          <reporter-output>
          </reporter-output>
        </test-method> <!-- loan2YesBank -->
        <test-method status="PASS" signature="clickLoanLink()[pri:0, instance:YesBank.LoanYesBank@6f7fd0e6]" name="clickLoanLink" is-config="true" duration-ms="0" started-at="2019-02-16T07:22:46Z" finished-at="2019-02-16T07:22:46Z">
          <reporter-output>
          </reporter-output>
        </test-method> <!-- clickLoanLink -->
        <test-method status="PASS" signature="clickBack()[pri:0, instance:YesBank.LoanYesBank@6f7fd0e6]" name="clickBack" is-config="true" duration-ms="0" started-at="2019-02-16T07:22:46Z" finished-at="2019-02-16T07:22:46Z">
          <reporter-output>
          </reporter-output>
        </test-method> <!-- clickBack -->
        <test-method status="PASS" signature="logoutYesBank()[pri:0, instance:YesBank.LoanYesBank@6f7fd0e6]" name="logoutYesBank" is-config="true" duration-ms="0" started-at="2019-02-16T07:22:46Z" finished-at="2019-02-16T07:22:46Z">
          <reporter-output>
          </reporter-output>
        </test-method> <!-- logoutYesBank -->
      </class> <!-- YesBank.LoanYesBank -->
      <class name="YesBank.AllocationYesBank">
        <test-method status="PASS" signature="loginYesBank()[pri:0, instance:YesBank.AllocationYesBank@47c62251]" name="loginYesBank" is-config="true" duration-ms="1" started-at="2019-02-16T07:22:46Z" finished-at="2019-02-16T07:22:46Z">
          <reporter-output>
          </reporter-output>
        </test-method> <!-- loginYesBank -->
        <test-method status="PASS" signature="allocation1YesBank()[pri:0, instance:YesBank.AllocationYesBank@47c62251]" name="allocation1YesBank" duration-ms="1" started-at="2019-02-16T07:22:46Z" finished-at="2019-02-16T07:22:46Z">
          <reporter-output>
          </reporter-output>
        </test-method> <!-- allocation1YesBank -->
        <test-method status="PASS" signature="clickAllocationLink()[pri:0, instance:YesBank.AllocationYesBank@47c62251]" name="clickAllocationLink" is-config="true" duration-ms="0" started-at="2019-02-16T07:22:46Z" finished-at="2019-02-16T07:22:46Z">
          <reporter-output>
          </reporter-output>
        </test-method> <!-- clickAllocationLink -->
        <test-method status="PASS" signature="clickAllocationLink()[pri:0, instance:YesBank.AllocationYesBank@47c62251]" name="clickAllocationLink" is-config="true" duration-ms="0" started-at="2019-02-16T07:22:46Z" finished-at="2019-02-16T07:22:46Z">
          <reporter-output>
          </reporter-output>
        </test-method> <!-- clickAllocationLink -->
        <test-method status="PASS" signature="clickBack()[pri:0, instance:YesBank.AllocationYesBank@47c62251]" name="clickBack" is-config="true" duration-ms="0" started-at="2019-02-16T07:22:46Z" finished-at="2019-02-16T07:22:46Z">
          <reporter-output>
          </reporter-output>
        </test-method> <!-- clickBack -->
        <test-method status="PASS" signature="allocation2YesBank()[pri:0, instance:YesBank.AllocationYesBank@47c62251]" name="allocation2YesBank" duration-ms="14" started-at="2019-02-16T07:22:46Z" finished-at="2019-02-16T07:22:46Z">
          <reporter-output>
          </reporter-output>
        </test-method> <!-- allocation2YesBank -->
        <test-method status="PASS" signature="clickBack()[pri:0, instance:YesBank.AllocationYesBank@47c62251]" name="clickBack" is-config="true" duration-ms="0" started-at="2019-02-16T07:22:46Z" finished-at="2019-02-16T07:22:46Z">
          <reporter-output>
          </reporter-output>
        </test-method> <!-- clickBack -->
        <test-method status="PASS" signature="logoutYesBank()[pri:0, instance:YesBank.AllocationYesBank@47c62251]" name="logoutYesBank" is-config="true" duration-ms="0" started-at="2019-02-16T07:22:46Z" finished-at="2019-02-16T07:22:46Z">
          <reporter-output>
          </reporter-output>
        </test-method> <!-- logoutYesBank -->
      </class> <!-- YesBank.AllocationYesBank -->
      <class name="YesBank.WDYesBank">
        <test-method status="PASS" signature="createWebDriver()[pri:0, instance:YesBank.WDYesBank@27efef64]" name="createWebDriver" is-config="true" duration-ms="15" started-at="2019-02-16T07:22:46Z" finished-at="2019-02-16T07:22:46Z">
          <reporter-output>
          </reporter-output>
        </test-method> <!-- createWebDriver -->
        <test-method status="PASS" signature="navigatetoYesBank()[pri:0, instance:YesBank.WDYesBank@27efef64]" name="navigatetoYesBank" is-config="true" duration-ms="0" started-at="2019-02-16T07:22:46Z" finished-at="2019-02-16T07:22:46Z">
          <reporter-output>
          </reporter-output>
        </test-method> <!-- navigatetoYesBank -->
        <test-method status="PASS" signature="wd1YesBank()[pri:0, instance:YesBank.WDYesBank@27efef64]" name="wd1YesBank" duration-ms="2" started-at="2019-02-16T07:22:46Z" finished-at="2019-02-16T07:22:46Z">
          <reporter-output>
          </reporter-output>
        </test-method> <!-- wd1YesBank -->
        <test-method status="PASS" signature="clickWDLink()[pri:0, instance:YesBank.WDYesBank@27efef64]" name="clickWDLink" is-config="true" duration-ms="0" started-at="2019-02-16T07:22:46Z" finished-at="2019-02-16T07:22:46Z">
          <reporter-output>
          </reporter-output>
        </test-method> <!-- clickWDLink -->
        <test-method status="PASS" signature="loginYesBank()[pri:0, instance:YesBank.WDYesBank@27efef64]" name="loginYesBank" is-config="true" duration-ms="0" started-at="2019-02-16T07:22:46Z" finished-at="2019-02-16T07:22:46Z">
          <reporter-output>
          </reporter-output>
        </test-method> <!-- loginYesBank -->
        <test-method status="PASS" signature="clickWDLink()[pri:0, instance:YesBank.WDYesBank@27efef64]" name="clickWDLink" is-config="true" duration-ms="0" started-at="2019-02-16T07:22:46Z" finished-at="2019-02-16T07:22:46Z">
          <reporter-output>
          </reporter-output>
        </test-method> <!-- clickWDLink -->
        <test-method status="PASS" signature="clickBack()[pri:0, instance:YesBank.WDYesBank@27efef64]" name="clickBack" is-config="true" duration-ms="0" started-at="2019-02-16T07:22:46Z" finished-at="2019-02-16T07:22:46Z">
          <reporter-output>
          </reporter-output>
        </test-method> <!-- clickBack -->
        <test-method status="PASS" signature="wd2YesBank()[pri:0, instance:YesBank.WDYesBank@27efef64]" name="wd2YesBank" duration-ms="1" started-at="2019-02-16T07:22:46Z" finished-at="2019-02-16T07:22:46Z">
          <reporter-output>
          </reporter-output>
        </test-method> <!-- wd2YesBank -->
        <test-method status="PASS" signature="clickBack()[pri:0, instance:YesBank.WDYesBank@27efef64]" name="clickBack" is-config="true" duration-ms="0" started-at="2019-02-16T07:22:46Z" finished-at="2019-02-16T07:22:46Z">
          <reporter-output>
          </reporter-output>
        </test-method> <!-- clickBack -->
        <test-method status="PASS" signature="logoutYesBank()[pri:0, instance:YesBank.WDYesBank@27efef64]" name="logoutYesBank" is-config="true" duration-ms="1" started-at="2019-02-16T07:22:46Z" finished-at="2019-02-16T07:22:46Z">
          <reporter-output>
          </reporter-output>
        </test-method> <!-- logoutYesBank -->
        <test-method status="PASS" signature="closeBrowser()[pri:0, instance:YesBank.WDYesBank@27efef64]" name="closeBrowser" is-config="true" duration-ms="0" started-at="2019-02-16T07:22:46Z" finished-at="2019-02-16T07:22:46Z">
          <reporter-output>
          </reporter-output>
        </test-method> <!-- closeBrowser -->
        <test-method status="PASS" signature="closeAllConnection()[pri:0, instance:YesBank.WDYesBank@27efef64]" name="closeAllConnection" is-config="true" duration-ms="0" started-at="2019-02-16T07:22:46Z" finished-at="2019-02-16T07:22:46Z">
          <reporter-output>
          </reporter-output>
        </test-method> <!-- closeAllConnection -->
      </class> <!-- YesBank.WDYesBank -->
    </test> <!-- Yes Bank test -->
  </suite> <!-- Automation suite -->
</testng-results>
